  [1m[35m (444.6ms)[0m  [1m[35mCREATE DATABASE "matrix_app_api_development" ENCODING = 'unicode'[0m
  [1m[35m (306.6ms)[0m  [1m[35mCREATE DATABASE "matrix_app_api_test" ENCODING = 'unicode'[0m
  [1m[35m (21.4ms)[0m  [1m[35mCREATE TABLE "schema_migrations" ("version" character varying NOT NULL PRIMARY KEY)[0m
  [1m[35m (4.3ms)[0m  [1m[35mCREATE TABLE "ar_internal_metadata" ("key" character varying NOT NULL PRIMARY KEY, "value" character varying, "created_at" timestamp(6) NOT NULL, "updated_at" timestamp(6) NOT NULL)[0m
  [1m[35m (0.2ms)[0m  [1m[34mSELECT pg_try_advisory_lock(5139738239422645845)[0m
  [1m[35m (1.1ms)[0m  [1m[34mSELECT "schema_migrations"."version" FROM "schema_migrations" ORDER BY "schema_migrations"."version" ASC[0m
Migrating to CreateCharacters (20210115002945)
  [1m[36mTRANSACTION (0.1ms)[0m  [1m[35mBEGIN[0m
  [1m[35m (13.8ms)[0m  [1m[35mCREATE TABLE "characters" ("id" bigserial primary key, "name" character varying, "description" character varying, "img_url" character varying, "created_at" timestamp(6) NOT NULL, "updated_at" timestamp(6) NOT NULL)[0m
  [1m[36mActiveRecord::SchemaMigration Create (0.4ms)[0m  [1m[32mINSERT INTO "schema_migrations" ("version") VALUES ($1) RETURNING "version"[0m  [["version", "20210115002945"]]
  [1m[36mTRANSACTION (0.3ms)[0m  [1m[35mCOMMIT[0m
  [1m[36mActiveRecord::InternalMetadata Load (0.5ms)[0m  [1m[34mSELECT "ar_internal_metadata".* FROM "ar_internal_metadata" WHERE "ar_internal_metadata"."key" = $1 LIMIT $2[0m  [["key", "environment"], ["LIMIT", 1]]
  [1m[36mTRANSACTION (0.2ms)[0m  [1m[35mBEGIN[0m
  [1m[36mActiveRecord::InternalMetadata Create (1.5ms)[0m  [1m[32mINSERT INTO "ar_internal_metadata" ("key", "value", "created_at", "updated_at") VALUES ($1, $2, $3, $4) RETURNING "key"[0m  [["key", "environment"], ["value", "development"], ["created_at", "2021-01-15 00:33:14.793750"], ["updated_at", "2021-01-15 00:33:14.793750"]]
  [1m[36mTRANSACTION (0.4ms)[0m  [1m[35mCOMMIT[0m
  [1m[35m (0.4ms)[0m  [1m[34mSELECT pg_advisory_unlock(5139738239422645845)[0m
  [1m[35m (2.4ms)[0m  [1m[34mSELECT "schema_migrations"."version" FROM "schema_migrations" ORDER BY "schema_migrations"."version" ASC[0m
  [1m[35m (0.2ms)[0m  [1m[34mSELECT pg_try_advisory_lock(5139738239422645845)[0m
  [1m[35m (1.0ms)[0m  [1m[34mSELECT "schema_migrations"."version" FROM "schema_migrations" ORDER BY "schema_migrations"."version" ASC[0m
Migrating to ChangeTableName (20210115004110)
  [1m[36mTRANSACTION (0.1ms)[0m  [1m[35mBEGIN[0m
  [1m[35m (2.3ms)[0m  [1m[35mALTER TABLE "characters" RENAME TO "matrix_characters"[0m
  [1m[35m (0.3ms)[0m  [1m[35mALTER INDEX "characters_pkey" RENAME TO "matrix_characters_pkey"[0m
  [1m[35m (0.2ms)[0m  [1m[35mALTER TABLE "public"."characters_id_seq" RENAME TO "matrix_characters_id_seq"[0m
  [1m[36mActiveRecord::SchemaMigration Create (0.3ms)[0m  [1m[32mINSERT INTO "schema_migrations" ("version") VALUES ($1) RETURNING "version"[0m  [["version", "20210115004110"]]
  [1m[36mTRANSACTION (6.9ms)[0m  [1m[35mCOMMIT[0m
  [1m[36mActiveRecord::InternalMetadata Load (0.7ms)[0m  [1m[34mSELECT "ar_internal_metadata".* FROM "ar_internal_metadata" WHERE "ar_internal_metadata"."key" = $1 LIMIT $2[0m  [["key", "environment"], ["LIMIT", 1]]
  [1m[35m (0.2ms)[0m  [1m[34mSELECT pg_advisory_unlock(5139738239422645845)[0m
  [1m[35m (1.4ms)[0m  [1m[34mSELECT "schema_migrations"."version" FROM "schema_migrations" ORDER BY "schema_migrations"."version" ASC[0m
  [1m[35m (0.9ms)[0m  [1m[34mSELECT "schema_migrations"."version" FROM "schema_migrations" ORDER BY "schema_migrations"."version" ASC[0m
  [1m[35m (0.1ms)[0m  [1m[34mSELECT "schema_migrations"."version" FROM "schema_migrations" ORDER BY "schema_migrations"."version" ASC[0m
  [1m[35m (0.1ms)[0m  [1m[34mSELECT "schema_migrations"."version" FROM "schema_migrations" ORDER BY "schema_migrations"."version" ASC[0m
  [1m[35m (0.2ms)[0m  [1m[34mSELECT pg_try_advisory_lock(5139738239422645845)[0m
  [1m[35m (0.2ms)[0m  [1m[34mSELECT "schema_migrations"."version" FROM "schema_migrations" ORDER BY "schema_migrations"."version" ASC[0m
Migrating to ChangeTableName (20210115004110)
  [1m[36mTRANSACTION (0.1ms)[0m  [1m[35mBEGIN[0m
  [1m[35m (0.5ms)[0m  [1m[35mALTER TABLE "matrix_characters" RENAME TO "characters"[0m
  [1m[35m (0.3ms)[0m  [1m[35mALTER INDEX "matrix_characters_pkey" RENAME TO "characters_pkey"[0m
  [1m[35m (0.3ms)[0m  [1m[35mALTER TABLE "public"."matrix_characters_id_seq" RENAME TO "characters_id_seq"[0m
  [1m[36mActiveRecord::SchemaMigration Destroy (0.4ms)[0m  [1m[31mDELETE FROM "schema_migrations" WHERE "schema_migrations"."version" = $1[0m  [["version", "20210115004110"]]
  [1m[36mTRANSACTION (0.6ms)[0m  [1m[35mCOMMIT[0m
  [1m[35m (0.3ms)[0m  [1m[34mSELECT pg_advisory_unlock(5139738239422645845)[0m
  [1m[35m (1.0ms)[0m  [1m[34mSELECT "schema_migrations"."version" FROM "schema_migrations" ORDER BY "schema_migrations"."version" ASC[0m
  [1m[35m (1.4ms)[0m  [1m[34mSELECT "schema_migrations"."version" FROM "schema_migrations" ORDER BY "schema_migrations"."version" ASC[0m
  [1m[36mTRANSACTION (0.1ms)[0m  [1m[35mBEGIN[0m
  [1m[36mCharacter Create (1.7ms)[0m  [1m[32mINSERT INTO "characters" ("name", "description", "created_at", "updated_at") VALUES ($1, $2, $3, $4) RETURNING "id"[0m  [["name", "Neo"], ["description", "f"], ["created_at", "2021-01-15 00:52:39.325270"], ["updated_at", "2021-01-15 00:52:39.325270"]]
  [1m[36mTRANSACTION (0.7ms)[0m  [1m[35mCOMMIT[0m
  [1m[36mTRANSACTION (0.1ms)[0m  [1m[35mBEGIN[0m
  [1m[36mCharacter Create (0.4ms)[0m  [1m[32mINSERT INTO "characters" ("name", "description", "created_at", "updated_at") VALUES ($1, $2, $3, $4) RETURNING "id"[0m  [["name", "Trinity"], ["description", "f"], ["created_at", "2021-01-15 00:52:39.343377"], ["updated_at", "2021-01-15 00:52:39.343377"]]
  [1m[36mTRANSACTION (0.3ms)[0m  [1m[35mCOMMIT[0m
  [1m[36mTRANSACTION (0.1ms)[0m  [1m[35mBEGIN[0m
  [1m[36mCharacter Create (0.2ms)[0m  [1m[32mINSERT INTO "characters" ("name", "description", "created_at", "updated_at") VALUES ($1, $2, $3, $4) RETURNING "id"[0m  [["name", "Morpheus"], ["description", "f"], ["created_at", "2021-01-15 00:52:39.346717"], ["updated_at", "2021-01-15 00:52:39.346717"]]
  [1m[36mTRANSACTION (0.2ms)[0m  [1m[35mCOMMIT[0m
  [1m[36mTRANSACTION (0.1ms)[0m  [1m[35mBEGIN[0m
  [1m[36mCharacter Create (0.2ms)[0m  [1m[32mINSERT INTO "characters" ("name", "description", "created_at", "updated_at") VALUES ($1, $2, $3, $4) RETURNING "id"[0m  [["name", "Agent Smith"], ["description", "f"], ["created_at", "2021-01-15 00:52:39.349325"], ["updated_at", "2021-01-15 00:52:39.349325"]]
  [1m[36mTRANSACTION (0.2ms)[0m  [1m[35mCOMMIT[0m
  [1m[35m (1.1ms)[0m  [1m[34mSELECT "schema_migrations"."version" FROM "schema_migrations" ORDER BY "schema_migrations"."version" ASC[0m
  [1m[35m (0.5ms)[0m  [1m[34mSELECT "ar_internal_metadata"."value" FROM "ar_internal_metadata" WHERE "ar_internal_metadata"."key" = $1[0m  [["key", "environment"]]
  [1m[35m (0.2ms)[0m  [1m[34mSELECT "schema_migrations"."version" FROM "schema_migrations" ORDER BY "schema_migrations"."version" ASC[0m
  [1m[35m (0.1ms)[0m  [1m[34mSELECT "ar_internal_metadata"."value" FROM "ar_internal_metadata" WHERE "ar_internal_metadata"."key" = $1[0m  [["key", "environment"]]
  [1m[35m (0.2ms)[0m  [1m[34mSELECT "schema_migrations"."version" FROM "schema_migrations" ORDER BY "schema_migrations"."version" ASC[0m
  [1m[35m (0.1ms)[0m  [1m[34mSELECT "ar_internal_metadata"."value" FROM "ar_internal_metadata" WHERE "ar_internal_metadata"."key" = $1[0m  [["key", "environment"]]
  [1m[35m (57.3ms)[0m  [1m[35mDROP DATABASE IF EXISTS "matrix_app_api_development"[0m
  [1m[35m (43.2ms)[0m  [1m[35mDROP DATABASE IF EXISTS "matrix_app_api_test"[0m
  [1m[35m (252.3ms)[0m  [1m[35mCREATE DATABASE "matrix_app_api_development" ENCODING = 'unicode'[0m
  [1m[35m (192.5ms)[0m  [1m[35mCREATE DATABASE "matrix_app_api_test" ENCODING = 'unicode'[0m
  [1m[35mSQL (2.0ms)[0m  [1m[35mCREATE EXTENSION IF NOT EXISTS "plpgsql"[0m
  [1m[35m (1.1ms)[0m  [1m[35mDROP TABLE IF EXISTS "characters" CASCADE[0m
  [1m[35m (13.5ms)[0m  [1m[35mCREATE TABLE "characters" ("id" bigserial primary key, "name" character varying, "description" character varying, "img_url" character varying, "created_at" timestamp(6) NOT NULL, "updated_at" timestamp(6) NOT NULL)[0m
  [1m[35m (3.8ms)[0m  [1m[35mCREATE TABLE "schema_migrations" ("version" character varying NOT NULL PRIMARY KEY)[0m
  [1m[35m (1.1ms)[0m  [1m[34mSELECT "schema_migrations"."version" FROM "schema_migrations" ORDER BY "schema_migrations"."version" ASC[0m
  [1m[35m (0.6ms)[0m  [1m[32mINSERT INTO "schema_migrations" (version) VALUES (20210115002945)[0m
  [1m[35m (3.7ms)[0m  [1m[35mCREATE TABLE "ar_internal_metadata" ("key" character varying NOT NULL PRIMARY KEY, "value" character varying, "created_at" timestamp(6) NOT NULL, "updated_at" timestamp(6) NOT NULL)[0m
  [1m[36mActiveRecord::InternalMetadata Load (0.7ms)[0m  [1m[34mSELECT "ar_internal_metadata".* FROM "ar_internal_metadata" WHERE "ar_internal_metadata"."key" = $1 LIMIT $2[0m  [["key", "environment"], ["LIMIT", 1]]
  [1m[36mTRANSACTION (0.1ms)[0m  [1m[35mBEGIN[0m
  [1m[36mActiveRecord::InternalMetadata Create (0.5ms)[0m  [1m[32mINSERT INTO "ar_internal_metadata" ("key", "value", "created_at", "updated_at") VALUES ($1, $2, $3, $4) RETURNING "key"[0m  [["key", "environment"], ["value", "development"], ["created_at", "2021-01-15 01:00:04.117118"], ["updated_at", "2021-01-15 01:00:04.117118"]]
  [1m[36mTRANSACTION (0.2ms)[0m  [1m[35mCOMMIT[0m
  [1m[36mActiveRecord::InternalMetadata Load (0.2ms)[0m  [1m[34mSELECT "ar_internal_metadata".* FROM "ar_internal_metadata" WHERE "ar_internal_metadata"."key" = $1 LIMIT $2[0m  [["key", "environment"], ["LIMIT", 1]]
  [1m[36mActiveRecord::InternalMetadata Load (0.2ms)[0m  [1m[34mSELECT "ar_internal_metadata".* FROM "ar_internal_metadata" WHERE "ar_internal_metadata"."key" = $1 LIMIT $2[0m  [["key", "schema_sha1"], ["LIMIT", 1]]
  [1m[36mTRANSACTION (0.1ms)[0m  [1m[35mBEGIN[0m
  [1m[36mActiveRecord::InternalMetadata Create (0.4ms)[0m  [1m[32mINSERT INTO "ar_internal_metadata" ("key", "value", "created_at", "updated_at") VALUES ($1, $2, $3, $4) RETURNING "key"[0m  [["key", "schema_sha1"], ["value", "c4f596e5529f663d13ea406b7881ced161ddac80"], ["created_at", "2021-01-15 01:00:04.123945"], ["updated_at", "2021-01-15 01:00:04.123945"]]
  [1m[36mTRANSACTION (0.3ms)[0m  [1m[35mCOMMIT[0m
  [1m[35mSQL (0.7ms)[0m  [1m[35mCREATE EXTENSION IF NOT EXISTS "plpgsql"[0m
  [1m[35m (0.2ms)[0m  [1m[35mDROP TABLE IF EXISTS "characters" CASCADE[0m
  [1m[35m (16.0ms)[0m  [1m[35mCREATE TABLE "characters" ("id" bigserial primary key, "name" character varying, "description" character varying, "img_url" character varying, "created_at" timestamp(6) NOT NULL, "updated_at" timestamp(6) NOT NULL)[0m
  [1m[35m (3.8ms)[0m  [1m[35mCREATE TABLE "schema_migrations" ("version" character varying NOT NULL PRIMARY KEY)[0m
  [1m[35m (1.2ms)[0m  [1m[34mSELECT "schema_migrations"."version" FROM "schema_migrations" ORDER BY "schema_migrations"."version" ASC[0m
  [1m[35m (0.7ms)[0m  [1m[32mINSERT INTO "schema_migrations" (version) VALUES (20210115002945)[0m
  [1m[35m (4.5ms)[0m  [1m[35mCREATE TABLE "ar_internal_metadata" ("key" character varying NOT NULL PRIMARY KEY, "value" character varying, "created_at" timestamp(6) NOT NULL, "updated_at" timestamp(6) NOT NULL)[0m
  [1m[36mActiveRecord::InternalMetadata Load (0.8ms)[0m  [1m[34mSELECT "ar_internal_metadata".* FROM "ar_internal_metadata" WHERE "ar_internal_metadata"."key" = $1 LIMIT $2[0m  [["key", "environment"], ["LIMIT", 1]]
  [1m[36mTRANSACTION (0.1ms)[0m  [1m[35mBEGIN[0m
  [1m[36mActiveRecord::InternalMetadata Create (0.6ms)[0m  [1m[32mINSERT INTO "ar_internal_metadata" ("key", "value", "created_at", "updated_at") VALUES ($1, $2, $3, $4) RETURNING "key"[0m  [["key", "environment"], ["value", "development"], ["created_at", "2021-01-15 01:00:04.208450"], ["updated_at", "2021-01-15 01:00:04.208450"]]
  [1m[36mTRANSACTION (0.2ms)[0m  [1m[35mCOMMIT[0m
  [1m[36mActiveRecord::InternalMetadata Load (0.2ms)[0m  [1m[34mSELECT "ar_internal_metadata".* FROM "ar_internal_metadata" WHERE "ar_internal_metadata"."key" = $1 LIMIT $2[0m  [["key", "environment"], ["LIMIT", 1]]
  [1m[36mTRANSACTION (0.1ms)[0m  [1m[35mBEGIN[0m
  [1m[36mActiveRecord::InternalMetadata Update (0.3ms)[0m  [1m[33mUPDATE "ar_internal_metadata" SET "value" = $1, "updated_at" = $2 WHERE "ar_internal_metadata"."key" = $3[0m  [["value", "test"], ["updated_at", "2021-01-15 01:00:04.218159"], ["key", "environment"]]
  [1m[36mTRANSACTION (0.2ms)[0m  [1m[35mCOMMIT[0m
  [1m[36mActiveRecord::InternalMetadata Load (0.2ms)[0m  [1m[34mSELECT "ar_internal_metadata".* FROM "ar_internal_metadata" WHERE "ar_internal_metadata"."key" = $1 LIMIT $2[0m  [["key", "schema_sha1"], ["LIMIT", 1]]
  [1m[36mTRANSACTION (0.1ms)[0m  [1m[35mBEGIN[0m
  [1m[36mActiveRecord::InternalMetadata Create (0.2ms)[0m  [1m[32mINSERT INTO "ar_internal_metadata" ("key", "value", "created_at", "updated_at") VALUES ($1, $2, $3, $4) RETURNING "key"[0m  [["key", "schema_sha1"], ["value", "c4f596e5529f663d13ea406b7881ced161ddac80"], ["created_at", "2021-01-15 01:00:04.225056"], ["updated_at", "2021-01-15 01:00:04.225056"]]
  [1m[36mTRANSACTION (0.2ms)[0m  [1m[35mCOMMIT[0m
  [1m[35m (1.2ms)[0m  [1m[34mSELECT "schema_migrations"."version" FROM "schema_migrations" ORDER BY "schema_migrations"."version" ASC[0m
  [1m[36mTRANSACTION (0.1ms)[0m  [1m[35mBEGIN[0m
  [1m[36mCharacter Create (1.2ms)[0m  [1m[32mINSERT INTO "characters" ("name", "description", "created_at", "updated_at") VALUES ($1, $2, $3, $4) RETURNING "id"[0m  [["name", "Neo"], ["description", "Neo (born as Thomas A. Anderson, also known as The One, an anagram for Neo) is a fictional character and the protagonist of the Matrix franchise."], ["created_at", "2021-01-15 01:00:04.330156"], ["updated_at", "2021-01-15 01:00:04.330156"]]
  [1m[36mTRANSACTION (0.7ms)[0m  [1m[35mCOMMIT[0m
  [1m[36mTRANSACTION (0.1ms)[0m  [1m[35mBEGIN[0m
  [1m[36mCharacter Create (0.2ms)[0m  [1m[32mINSERT INTO "characters" ("name", "description", "created_at", "updated_at") VALUES ($1, $2, $3, $4) RETURNING "id"[0m  [["name", "Trinity"], ["description", "Morpheus is a fictional character in The Matrix franchise.[1] He is portrayed by Laurence Fishburne in the films, and in the video game The Matrix: Path of Neo where he was the only actor to reprise his character's voice."], ["created_at", "2021-01-15 01:00:04.334723"], ["updated_at", "2021-01-15 01:00:04.334723"]]
  [1m[36mTRANSACTION (0.3ms)[0m  [1m[35mCOMMIT[0m
  [1m[36mTRANSACTION (0.1ms)[0m  [1m[35mBEGIN[0m
  [1m[36mCharacter Create (0.2ms)[0m  [1m[32mINSERT INTO "characters" ("name", "description", "created_at", "updated_at") VALUES ($1, $2, $3, $4) RETURNING "id"[0m  [["name", "Morpheus"], ["description", "Trinity is a fictional character in the Matrix franchise.[1] She is portrayed by Carrie-Anne Moss in the films. In the gameplay segments of Path of Neo, she is voiced by Jennifer Hale. Trinity first appears in the first film in the trilogy, The Matrix."], ["created_at", "2021-01-15 01:00:04.337565"], ["updated_at", "2021-01-15 01:00:04.337565"]]
  [1m[36mTRANSACTION (0.3ms)[0m  [1m[35mCOMMIT[0m
  [1m[36mTRANSACTION (0.1ms)[0m  [1m[35mBEGIN[0m
  [1m[36mCharacter Create (0.2ms)[0m  [1m[32mINSERT INTO "characters" ("name", "description", "created_at", "updated_at") VALUES ($1, $2, $3, $4) RETURNING "id"[0m  [["name", "Agent Smith"], ["description", "Agent Smith is a fictional character and the main antagonist of The Matrix trilogy. He was portrayed by Hugo Weaving in the films and voiced by Christopher Corey Smith in The Matrix: Path of Neo."], ["created_at", "2021-01-15 01:00:04.340405"], ["updated_at", "2021-01-15 01:00:04.340405"]]
  [1m[36mTRANSACTION (0.3ms)[0m  [1m[35mCOMMIT[0m
  [1m[36mCharacter Load (1.0ms)[0m  [1m[34mSELECT "characters".* FROM "characters" /* loading for inspect */ LIMIT $1[0m  [["LIMIT", 11]]
  [1m[36mCharacter Load (1.0ms)[0m  [1m[34mSELECT "characters".* FROM "characters" /* loading for inspect */ LIMIT $1[0m  [["LIMIT", 11]]
  [1m[36mCharacter Load (0.3ms)[0m  [1m[34mSELECT "characters".* FROM "characters" WHERE "characters"."id" = $1 LIMIT $2[0m  [["id", 1], ["LIMIT", 1]]
  [1m[36mTRANSACTION (0.1ms)[0m  [1m[35mBEGIN[0m
  [1m[36mCharacter Update (0.5ms)[0m  [1m[33mUPDATE "characters" SET "img_url" = $1, "updated_at" = $2 WHERE "characters"."id" = $3[0m  [["img_url", "https://upload.wikimedia.org/wikipedia/en/c/c6/NeoTheMatrix.jpg"], ["updated_at", "2021-01-15 01:09:03.785686"], ["id", 1]]
  [1m[36mTRANSACTION (3.2ms)[0m  [1m[35mCOMMIT[0m
  [1m[36mCharacter Load (3.2ms)[0m  [1m[34mSELECT "characters".* FROM "characters" WHERE "characters"."id" = $1 LIMIT $2[0m  [["id", 2], ["LIMIT", 1]]
  [1m[36mTRANSACTION (0.2ms)[0m  [1m[35mBEGIN[0m
  [1m[36mCharacter Update (0.4ms)[0m  [1m[33mUPDATE "characters" SET "img_url" = $1, "updated_at" = $2 WHERE "characters"."id" = $3[0m  [["img_url", "https://upload.wikimedia.org/wikipedia/en/7/7a/MatrixTrinity.jpg"], ["updated_at", "2021-01-15 01:10:35.206192"], ["id", 2]]
  [1m[36mTRANSACTION (0.6ms)[0m  [1m[35mCOMMIT[0m
  [1m[36mCharacter Load (0.5ms)[0m  [1m[34mSELECT "characters".* FROM "characters" WHERE "characters"."id" = $1 LIMIT $2[0m  [["id", 3], ["LIMIT", 1]]
  [1m[36mTRANSACTION (0.2ms)[0m  [1m[35mBEGIN[0m
  [1m[36mCharacter Update (0.4ms)[0m  [1m[33mUPDATE "characters" SET "img_url" = $1, "updated_at" = $2 WHERE "characters"."id" = $3[0m  [["img_url", "https://upload.wikimedia.org/wikipedia/en/a/ab/Morpheus.jpg"], ["updated_at", "2021-01-15 01:13:01.395566"], ["id", 3]]
  [1m[36mTRANSACTION (0.4ms)[0m  [1m[35mCOMMIT[0m
  [1m[35m (1.8ms)[0m  [1m[34mSELECT "schema_migrations"."version" FROM "schema_migrations" ORDER BY "schema_migrations"."version" ASC[0m
  [1m[35m (0.4ms)[0m  [1m[34mSELECT "ar_internal_metadata"."value" FROM "ar_internal_metadata" WHERE "ar_internal_metadata"."key" = $1[0m  [["key", "environment"]]
  [1m[35m (0.1ms)[0m  [1m[34mSELECT "schema_migrations"."version" FROM "schema_migrations" ORDER BY "schema_migrations"."version" ASC[0m
  [1m[35m (0.1ms)[0m  [1m[34mSELECT "ar_internal_metadata"."value" FROM "ar_internal_metadata" WHERE "ar_internal_metadata"."key" = $1[0m  [["key", "environment"]]
  [1m[35m (0.1ms)[0m  [1m[34mSELECT "schema_migrations"."version" FROM "schema_migrations" ORDER BY "schema_migrations"."version" ASC[0m
  [1m[35m (0.2ms)[0m  [1m[34mSELECT "ar_internal_metadata"."value" FROM "ar_internal_metadata" WHERE "ar_internal_metadata"."key" = $1[0m  [["key", "environment"]]
  [1m[35m (46.6ms)[0m  [1m[35mDROP DATABASE IF EXISTS "matrix_app_api_development"[0m
  [1m[35m (40.8ms)[0m  [1m[35mDROP DATABASE IF EXISTS "matrix_app_api_test"[0m
  [1m[35m (263.7ms)[0m  [1m[35mCREATE DATABASE "matrix_app_api_development" ENCODING = 'unicode'[0m
  [1m[35m (205.1ms)[0m  [1m[35mCREATE DATABASE "matrix_app_api_test" ENCODING = 'unicode'[0m
  [1m[35mSQL (0.6ms)[0m  [1m[35mCREATE EXTENSION IF NOT EXISTS "plpgsql"[0m
  [1m[35m (0.1ms)[0m  [1m[35mDROP TABLE IF EXISTS "characters" CASCADE[0m
  [1m[35m (14.5ms)[0m  [1m[35mCREATE TABLE "characters" ("id" bigserial primary key, "name" character varying, "description" character varying, "img_url" character varying, "created_at" timestamp(6) NOT NULL, "updated_at" timestamp(6) NOT NULL)[0m
  [1m[35m (3.4ms)[0m  [1m[35mCREATE TABLE "schema_migrations" ("version" character varying NOT NULL PRIMARY KEY)[0m
  [1m[35m (0.9ms)[0m  [1m[34mSELECT "schema_migrations"."version" FROM "schema_migrations" ORDER BY "schema_migrations"."version" ASC[0m
  [1m[35m (0.9ms)[0m  [1m[32mINSERT INTO "schema_migrations" (version) VALUES (20210115002945)[0m
  [1m[35m (4.6ms)[0m  [1m[35mCREATE TABLE "ar_internal_metadata" ("key" character varying NOT NULL PRIMARY KEY, "value" character varying, "created_at" timestamp(6) NOT NULL, "updated_at" timestamp(6) NOT NULL)[0m
  [1m[36mActiveRecord::InternalMetadata Load (0.7ms)[0m  [1m[34mSELECT "ar_internal_metadata".* FROM "ar_internal_metadata" WHERE "ar_internal_metadata"."key" = $1 LIMIT $2[0m  [["key", "environment"], ["LIMIT", 1]]
  [1m[36mTRANSACTION (0.1ms)[0m  [1m[35mBEGIN[0m
  [1m[36mActiveRecord::InternalMetadata Create (0.5ms)[0m  [1m[32mINSERT INTO "ar_internal_metadata" ("key", "value", "created_at", "updated_at") VALUES ($1, $2, $3, $4) RETURNING "key"[0m  [["key", "environment"], ["value", "development"], ["created_at", "2021-01-15 01:14:20.243461"], ["updated_at", "2021-01-15 01:14:20.243461"]]
  [1m[36mTRANSACTION (0.3ms)[0m  [1m[35mCOMMIT[0m
  [1m[36mActiveRecord::InternalMetadata Load (0.2ms)[0m  [1m[34mSELECT "ar_internal_metadata".* FROM "ar_internal_metadata" WHERE "ar_internal_metadata"."key" = $1 LIMIT $2[0m  [["key", "environment"], ["LIMIT", 1]]
  [1m[36mActiveRecord::InternalMetadata Load (0.2ms)[0m  [1m[34mSELECT "ar_internal_metadata".* FROM "ar_internal_metadata" WHERE "ar_internal_metadata"."key" = $1 LIMIT $2[0m  [["key", "schema_sha1"], ["LIMIT", 1]]
  [1m[36mTRANSACTION (0.1ms)[0m  [1m[35mBEGIN[0m
  [1m[36mActiveRecord::InternalMetadata Create (0.2ms)[0m  [1m[32mINSERT INTO "ar_internal_metadata" ("key", "value", "created_at", "updated_at") VALUES ($1, $2, $3, $4) RETURNING "key"[0m  [["key", "schema_sha1"], ["value", "c4f596e5529f663d13ea406b7881ced161ddac80"], ["created_at", "2021-01-15 01:14:20.251333"], ["updated_at", "2021-01-15 01:14:20.251333"]]
  [1m[36mTRANSACTION (0.9ms)[0m  [1m[35mCOMMIT[0m
  [1m[35mSQL (0.9ms)[0m  [1m[35mCREATE EXTENSION IF NOT EXISTS "plpgsql"[0m
  [1m[35m (0.1ms)[0m  [1m[35mDROP TABLE IF EXISTS "characters" CASCADE[0m
  [1m[35m (12.2ms)[0m  [1m[35mCREATE TABLE "characters" ("id" bigserial primary key, "name" character varying, "description" character varying, "img_url" character varying, "created_at" timestamp(6) NOT NULL, "updated_at" timestamp(6) NOT NULL)[0m
  [1m[35m (3.4ms)[0m  [1m[35mCREATE TABLE "schema_migrations" ("version" character varying NOT NULL PRIMARY KEY)[0m
  [1m[35m (0.8ms)[0m  [1m[34mSELECT "schema_migrations"."version" FROM "schema_migrations" ORDER BY "schema_migrations"."version" ASC[0m
  [1m[35m (0.5ms)[0m  [1m[32mINSERT INTO "schema_migrations" (version) VALUES (20210115002945)[0m
  [1m[35m (3.5ms)[0m  [1m[35mCREATE TABLE "ar_internal_metadata" ("key" character varying NOT NULL PRIMARY KEY, "value" character varying, "created_at" timestamp(6) NOT NULL, "updated_at" timestamp(6) NOT NULL)[0m
  [1m[36mActiveRecord::InternalMetadata Load (0.6ms)[0m  [1m[34mSELECT "ar_internal_metadata".* FROM "ar_internal_metadata" WHERE "ar_internal_metadata"."key" = $1 LIMIT $2[0m  [["key", "environment"], ["LIMIT", 1]]
  [1m[36mTRANSACTION (0.1ms)[0m  [1m[35mBEGIN[0m
  [1m[36mActiveRecord::InternalMetadata Create (0.4ms)[0m  [1m[32mINSERT INTO "ar_internal_metadata" ("key", "value", "created_at", "updated_at") VALUES ($1, $2, $3, $4) RETURNING "key"[0m  [["key", "environment"], ["value", "development"], ["created_at", "2021-01-15 01:14:20.317581"], ["updated_at", "2021-01-15 01:14:20.317581"]]
  [1m[36mTRANSACTION (0.2ms)[0m  [1m[35mCOMMIT[0m
  [1m[36mActiveRecord::InternalMetadata Load (0.1ms)[0m  [1m[34mSELECT "ar_internal_metadata".* FROM "ar_internal_metadata" WHERE "ar_internal_metadata"."key" = $1 LIMIT $2[0m  [["key", "environment"], ["LIMIT", 1]]
  [1m[36mTRANSACTION (0.1ms)[0m  [1m[35mBEGIN[0m
  [1m[36mActiveRecord::InternalMetadata Update (0.2ms)[0m  [1m[33mUPDATE "ar_internal_metadata" SET "value" = $1, "updated_at" = $2 WHERE "ar_internal_metadata"."key" = $3[0m  [["value", "test"], ["updated_at", "2021-01-15 01:14:20.321737"], ["key", "environment"]]
  [1m[36mTRANSACTION (0.2ms)[0m  [1m[35mCOMMIT[0m
  [1m[36mActiveRecord::InternalMetadata Load (0.2ms)[0m  [1m[34mSELECT "ar_internal_metadata".* FROM "ar_internal_metadata" WHERE "ar_internal_metadata"."key" = $1 LIMIT $2[0m  [["key", "schema_sha1"], ["LIMIT", 1]]
  [1m[36mTRANSACTION (0.1ms)[0m  [1m[35mBEGIN[0m
  [1m[36mActiveRecord::InternalMetadata Create (0.2ms)[0m  [1m[32mINSERT INTO "ar_internal_metadata" ("key", "value", "created_at", "updated_at") VALUES ($1, $2, $3, $4) RETURNING "key"[0m  [["key", "schema_sha1"], ["value", "c4f596e5529f663d13ea406b7881ced161ddac80"], ["created_at", "2021-01-15 01:14:20.328729"], ["updated_at", "2021-01-15 01:14:20.328729"]]
  [1m[36mTRANSACTION (0.2ms)[0m  [1m[35mCOMMIT[0m
  [1m[35m (0.9ms)[0m  [1m[34mSELECT "schema_migrations"."version" FROM "schema_migrations" ORDER BY "schema_migrations"."version" ASC[0m
  [1m[36mTRANSACTION (0.1ms)[0m  [1m[35mBEGIN[0m
  [1m[36mCharacter Create (1.4ms)[0m  [1m[32mINSERT INTO "characters" ("name", "description", "created_at", "updated_at") VALUES ($1, $2, $3, $4) RETURNING "id"[0m  [["name", "Neo"], ["description", "Neo (born as Thomas A. Anderson, also known as The One, an anagram for Neo) is a fictional character and the protagonist of the Matrix franchise."], ["created_at", "2021-01-15 01:14:20.419306"], ["updated_at", "2021-01-15 01:14:20.419306"]]
  [1m[36mTRANSACTION (0.6ms)[0m  [1m[35mCOMMIT[0m
  [1m[36mTRANSACTION (0.1ms)[0m  [1m[35mBEGIN[0m
  [1m[36mCharacter Create (0.3ms)[0m  [1m[32mINSERT INTO "characters" ("name", "description", "created_at", "updated_at") VALUES ($1, $2, $3, $4) RETURNING "id"[0m  [["name", "Trinity"], ["description", "Trinity is a fictional character in the Matrix franchise.[1] She is portrayed by Carrie-Anne Moss in the films. In the gameplay segments of Path of Neo, she is voiced by Jennifer Hale. Trinity first appears in the first film in the trilogy, The Matrix."], ["created_at", "2021-01-15 01:14:20.425716"], ["updated_at", "2021-01-15 01:14:20.425716"]]
  [1m[36mTRANSACTION (0.3ms)[0m  [1m[35mCOMMIT[0m
  [1m[36mTRANSACTION (0.1ms)[0m  [1m[35mBEGIN[0m
  [1m[36mCharacter Create (0.5ms)[0m  [1m[32mINSERT INTO "characters" ("name", "description", "created_at", "updated_at") VALUES ($1, $2, $3, $4) RETURNING "id"[0m  [["name", "Morpheus"], ["description", "Morpheus is a fictional character in The Matrix franchise.[1] He is portrayed by Laurence Fishburne in the films, and in the video game The Matrix: Path of Neo where he was the only actor to reprise his character's voice."], ["created_at", "2021-01-15 01:14:20.431042"], ["updated_at", "2021-01-15 01:14:20.431042"]]
  [1m[36mTRANSACTION (0.2ms)[0m  [1m[35mCOMMIT[0m
  [1m[36mTRANSACTION (0.1ms)[0m  [1m[35mBEGIN[0m
  [1m[36mCharacter Create (0.3ms)[0m  [1m[32mINSERT INTO "characters" ("name", "description", "created_at", "updated_at") VALUES ($1, $2, $3, $4) RETURNING "id"[0m  [["name", "Agent Smith"], ["description", "Agent Smith is a fictional character and the main antagonist of The Matrix trilogy. He was portrayed by Hugo Weaving in the films and voiced by Christopher Corey Smith in The Matrix: Path of Neo."], ["created_at", "2021-01-15 01:14:20.434607"], ["updated_at", "2021-01-15 01:14:20.434607"]]
  [1m[36mTRANSACTION (0.2ms)[0m  [1m[35mCOMMIT[0m
  [1m[36mCharacter Load (1.1ms)[0m  [1m[34mSELECT "characters".* FROM "characters" WHERE "characters"."id" = $1 LIMIT $2[0m  [["id", 1], ["LIMIT", 1]]
  [1m[36mTRANSACTION (0.1ms)[0m  [1m[35mBEGIN[0m
  [1m[36mCharacter Update (0.4ms)[0m  [1m[33mUPDATE "characters" SET "img_url" = $1, "updated_at" = $2 WHERE "characters"."id" = $3[0m  [["img_url", "https://upload.wikimedia.org/wikipedia/en/c/c6/NeoTheMatrix.jpg"], ["updated_at", "2021-01-15 01:15:53.369951"], ["id", 1]]
  [1m[36mTRANSACTION (0.7ms)[0m  [1m[35mCOMMIT[0m
  [1m[36mCharacter Load (0.4ms)[0m  [1m[34mSELECT "characters".* FROM "characters" /* loading for inspect */ LIMIT $1[0m  [["LIMIT", 11]]
  [1m[36mCharacter Load (0.4ms)[0m  [1m[34mSELECT "characters".* FROM "characters" WHERE "characters"."id" = $1 LIMIT $2[0m  [["id", 2], ["LIMIT", 1]]
  [1m[36mTRANSACTION (0.1ms)[0m  [1m[35mBEGIN[0m
  [1m[36mCharacter Update (0.4ms)[0m  [1m[33mUPDATE "characters" SET "img_url" = $1, "updated_at" = $2 WHERE "characters"."id" = $3[0m  [["img_url", "https://upload.wikimedia.org/wikipedia/en/7/7a/MatrixTrinity.jpg"], ["updated_at", "2021-01-15 01:17:01.293215"], ["id", 2]]
  [1m[36mTRANSACTION (0.5ms)[0m  [1m[35mCOMMIT[0m
  [1m[36mCharacter Load (0.5ms)[0m  [1m[34mSELECT "characters".* FROM "characters" WHERE "characters"."id" = $1 LIMIT $2[0m  [["id", 3], ["LIMIT", 1]]
  [1m[36mTRANSACTION (0.1ms)[0m  [1m[35mBEGIN[0m
  [1m[36mCharacter Update (0.4ms)[0m  [1m[33mUPDATE "characters" SET "img_url" = $1, "updated_at" = $2 WHERE "characters"."id" = $3[0m  [["img_url", "https://upload.wikimedia.org/wikipedia/en/a/ab/Morpheus.jpg"], ["updated_at", "2021-01-15 01:17:28.850862"], ["id", 3]]
  [1m[36mTRANSACTION (2.7ms)[0m  [1m[35mCOMMIT[0m
  [1m[36mCharacter Load (0.5ms)[0m  [1m[34mSELECT "characters".* FROM "characters" WHERE "characters"."id" = $1 LIMIT $2[0m  [["id", 4], ["LIMIT", 1]]
  [1m[36mTRANSACTION (0.1ms)[0m  [1m[35mBEGIN[0m
  [1m[36mCharacter Update (0.4ms)[0m  [1m[33mUPDATE "characters" SET "img_url" = $1, "updated_at" = $2 WHERE "characters"."id" = $3[0m  [["img_url", "https://upload.wikimedia.org/wikipedia/en/1/1f/Agent_Smith_%28The_Matrix_series_character%29.jpg"], ["updated_at", "2021-01-15 01:17:51.230591"], ["id", 4]]
  [1m[36mTRANSACTION (0.3ms)[0m  [1m[35mCOMMIT[0m
  [1m[36mCharacter Load (0.5ms)[0m  [1m[34mSELECT "characters".* FROM "characters" WHERE "characters"."id" = $1 LIMIT $2[0m  [["id", 4], ["LIMIT", 1]]
  [1m[36mTRANSACTION (0.1ms)[0m  [1m[35mBEGIN[0m
  [1m[36mCharacter Destroy (0.3ms)[0m  [1m[31mDELETE FROM "characters" WHERE "characters"."id" = $1[0m  [["id", 4]]
  [1m[36mTRANSACTION (0.5ms)[0m  [1m[35mCOMMIT[0m
  [1m[35m (0.2ms)[0m  [1m[34mSELECT pg_try_advisory_lock(5139738239422645845)[0m
  [1m[35m (1.2ms)[0m  [1m[34mSELECT "schema_migrations"."version" FROM "schema_migrations" ORDER BY "schema_migrations"."version" ASC[0m
Migrating to CreateVehicles (20210115012711)
  [1m[36mTRANSACTION (0.1ms)[0m  [1m[35mBEGIN[0m
  [1m[35m (7.1ms)[0m  [1m[35mCREATE TABLE "vehicles" ("id" bigserial primary key, "name" character varying, "style" character varying, "created_at" timestamp(6) NOT NULL, "updated_at" timestamp(6) NOT NULL)[0m
  [1m[36mActiveRecord::SchemaMigration Create (0.3ms)[0m  [1m[32mINSERT INTO "schema_migrations" ("version") VALUES ($1) RETURNING "version"[0m  [["version", "20210115012711"]]
  [1m[36mTRANSACTION (0.4ms)[0m  [1m[35mCOMMIT[0m
  [1m[36mActiveRecord::InternalMetadata Load (0.5ms)[0m  [1m[34mSELECT "ar_internal_metadata".* FROM "ar_internal_metadata" WHERE "ar_internal_metadata"."key" = $1 LIMIT $2[0m  [["key", "environment"], ["LIMIT", 1]]
  [1m[35m (0.3ms)[0m  [1m[34mSELECT pg_advisory_unlock(5139738239422645845)[0m
  [1m[35m (1.5ms)[0m  [1m[34mSELECT "schema_migrations"."version" FROM "schema_migrations" ORDER BY "schema_migrations"."version" ASC[0m
  [1m[35m (1.2ms)[0m  [1m[34mSELECT "schema_migrations"."version" FROM "schema_migrations" ORDER BY "schema_migrations"."version" ASC[0m
  [1m[36mTRANSACTION (0.1ms)[0m  [1m[35mBEGIN[0m
  [1m[36mCharacter Create (1.6ms)[0m  [1m[32mINSERT INTO "characters" ("name", "description", "created_at", "updated_at") VALUES ($1, $2, $3, $4) RETURNING "id"[0m  [["name", "Neo"], ["description", "Neo (born as Thomas A. Anderson, also known as The One, an anagram for Neo) is a fictional character and the protagonist of the Matrix franchise."], ["created_at", "2021-01-15 01:30:51.569090"], ["updated_at", "2021-01-15 01:30:51.569090"]]
  [1m[36mTRANSACTION (1.6ms)[0m  [1m[35mCOMMIT[0m
  [1m[36mTRANSACTION (0.1ms)[0m  [1m[35mBEGIN[0m
  [1m[36mCharacter Create (0.4ms)[0m  [1m[32mINSERT INTO "characters" ("name", "description", "created_at", "updated_at") VALUES ($1, $2, $3, $4) RETURNING "id"[0m  [["name", "Trinity"], ["description", "Trinity is a fictional character in the Matrix franchise.[1] She is portrayed by Carrie-Anne Moss in the films. In the gameplay segments of Path of Neo, she is voiced by Jennifer Hale. Trinity first appears in the first film in the trilogy, The Matrix."], ["created_at", "2021-01-15 01:30:51.588515"], ["updated_at", "2021-01-15 01:30:51.588515"]]
  [1m[36mTRANSACTION (0.4ms)[0m  [1m[35mCOMMIT[0m
  [1m[36mTRANSACTION (0.2ms)[0m  [1m[35mBEGIN[0m
  [1m[36mCharacter Create (0.4ms)[0m  [1m[32mINSERT INTO "characters" ("name", "description", "created_at", "updated_at") VALUES ($1, $2, $3, $4) RETURNING "id"[0m  [["name", "Morpheus"], ["description", "Morpheus is a fictional character in The Matrix franchise.[1] He is portrayed by Laurence Fishburne in the films, and in the video game The Matrix: Path of Neo where he was the only actor to reprise his character's voice."], ["created_at", "2021-01-15 01:30:51.592309"], ["updated_at", "2021-01-15 01:30:51.592309"]]
  [1m[36mTRANSACTION (0.4ms)[0m  [1m[35mCOMMIT[0m
  [1m[36mTRANSACTION (0.1ms)[0m  [1m[35mBEGIN[0m
  [1m[36mCharacter Create (0.3ms)[0m  [1m[32mINSERT INTO "characters" ("name", "description", "created_at", "updated_at") VALUES ($1, $2, $3, $4) RETURNING "id"[0m  [["name", "Agent Smith"], ["description", "Agent Smith is a fictional character and the main antagonist of The Matrix trilogy. He was portrayed by Hugo Weaving in the films and voiced by Christopher Corey Smith in The Matrix: Path of Neo."], ["created_at", "2021-01-15 01:30:51.595979"], ["updated_at", "2021-01-15 01:30:51.595979"]]
  [1m[36mTRANSACTION (0.3ms)[0m  [1m[35mCOMMIT[0m
  [1m[36mTRANSACTION (0.1ms)[0m  [1m[35mBEGIN[0m
  [1m[36mVehicle Create (1.6ms)[0m  [1m[32mINSERT INTO "vehicles" ("name", "style", "created_at", "updated_at") VALUES ($1, $2, $3, $4) RETURNING "id"[0m  [["name", "Nebuchadnezzar"], ["style", "Spaceship"], ["created_at", "2021-01-15 01:30:51.609213"], ["updated_at", "2021-01-15 01:30:51.609213"]]
  [1m[36mTRANSACTION (0.3ms)[0m  [1m[35mCOMMIT[0m
  [1m[36mVehicle Load (1.2ms)[0m  [1m[34mSELECT "vehicles".* FROM "vehicles" /* loading for inspect */ LIMIT $1[0m  [["LIMIT", 11]]
  [1m[36mCharacter Load (1.1ms)[0m  [1m[34mSELECT "characters".* FROM "characters" /* loading for inspect */ LIMIT $1[0m  [["LIMIT", 11]]
  [1m[35m (0.2ms)[0m  [1m[34mSELECT pg_try_advisory_lock(5139738239422645845)[0m
  [1m[35m (0.8ms)[0m  [1m[34mSELECT "schema_migrations"."version" FROM "schema_migrations" ORDER BY "schema_migrations"."version" ASC[0m
Migrating to AddVehicleIdToCharacters (20210115013803)
  [1m[36mTRANSACTION (0.1ms)[0m  [1m[35mBEGIN[0m
  [1m[35m (5.1ms)[0m  [1m[35mALTER TABLE "characters" ADD "vehicle_id" character varying[0m
  [1m[36mActiveRecord::SchemaMigration Create (0.3ms)[0m  [1m[32mINSERT INTO "schema_migrations" ("version") VALUES ($1) RETURNING "version"[0m  [["version", "20210115013803"]]
  [1m[36mTRANSACTION (0.7ms)[0m  [1m[35mCOMMIT[0m
  [1m[36mActiveRecord::InternalMetadata Load (3.7ms)[0m  [1m[34mSELECT "ar_internal_metadata".* FROM "ar_internal_metadata" WHERE "ar_internal_metadata"."key" = $1 LIMIT $2[0m  [["key", "environment"], ["LIMIT", 1]]
  [1m[35m (0.2ms)[0m  [1m[34mSELECT pg_advisory_unlock(5139738239422645845)[0m
  [1m[35m (1.1ms)[0m  [1m[34mSELECT "schema_migrations"."version" FROM "schema_migrations" ORDER BY "schema_migrations"."version" ASC[0m
  [1m[36mCharacter Load (1.0ms)[0m  [1m[34mSELECT "characters".* FROM "characters" /* loading for inspect */ LIMIT $1[0m  [["LIMIT", 11]]
  [1m[36mCharacter Load (0.3ms)[0m  [1m[34mSELECT "characters".* FROM "characters" WHERE "characters"."id" = $1 LIMIT $2[0m  [["id", 5], ["LIMIT", 1]]
  [1m[36mTRANSACTION (0.1ms)[0m  [1m[35mBEGIN[0m
  [1m[36mCharacter Destroy (0.4ms)[0m  [1m[31mDELETE FROM "characters" WHERE "characters"."id" = $1[0m  [["id", 5]]
  [1m[36mTRANSACTION (0.7ms)[0m  [1m[35mCOMMIT[0m
  [1m[36mCharacter Load (0.5ms)[0m  [1m[34mSELECT "characters".* FROM "characters" WHERE "characters"."id" = $1 LIMIT $2[0m  [["id", 6], ["LIMIT", 1]]
  [1m[36mTRANSACTION (0.1ms)[0m  [1m[35mBEGIN[0m
  [1m[36mCharacter Destroy (0.2ms)[0m  [1m[31mDELETE FROM "characters" WHERE "characters"."id" = $1[0m  [["id", 6]]
  [1m[36mTRANSACTION (0.5ms)[0m  [1m[35mCOMMIT[0m
  [1m[36mCharacter Load (0.5ms)[0m  [1m[34mSELECT "characters".* FROM "characters" WHERE "characters"."id" = $1 LIMIT $2[0m  [["id", 7], ["LIMIT", 1]]
  [1m[36mTRANSACTION (0.2ms)[0m  [1m[35mBEGIN[0m
  [1m[36mCharacter Destroy (0.3ms)[0m  [1m[31mDELETE FROM "characters" WHERE "characters"."id" = $1[0m  [["id", 7]]
  [1m[36mTRANSACTION (3.4ms)[0m  [1m[35mCOMMIT[0m
  [1m[36mCharacter Load (0.5ms)[0m  [1m[34mSELECT "characters".* FROM "characters" WHERE "characters"."id" = $1 LIMIT $2[0m  [["id", 8], ["LIMIT", 1]]
  [1m[36mTRANSACTION (0.2ms)[0m  [1m[35mBEGIN[0m
  [1m[36mCharacter Destroy (0.3ms)[0m  [1m[31mDELETE FROM "characters" WHERE "characters"."id" = $1[0m  [["id", 8]]
  [1m[36mTRANSACTION (0.6ms)[0m  [1m[35mCOMMIT[0m
  [1m[36mCharacter Load (0.4ms)[0m  [1m[34mSELECT "characters".* FROM "characters" /* loading for inspect */ LIMIT $1[0m  [["LIMIT", 11]]
  [1m[36mCharacter Load (0.4ms)[0m  [1m[34mSELECT "characters".* FROM "characters" WHERE "characters"."id" = $1 LIMIT $2[0m  [["id", 2], ["LIMIT", 1]]
  [1m[36mVehicle Load (0.9ms)[0m  [1m[34mSELECT "vehicles".* FROM "vehicles" ORDER BY "vehicles"."id" ASC LIMIT $1[0m  [["LIMIT", 1]]
  [1m[36mTRANSACTION (0.3ms)[0m  [1m[35mBEGIN[0m
  [1m[36mCharacter Update (0.8ms)[0m  [1m[33mUPDATE "characters" SET "updated_at" = $1, "vehicle_id" = $2 WHERE "characters"."id" = $3[0m  [["updated_at", "2021-01-15 01:59:16.164680"], ["vehicle_id", "#<Vehicle:0x00007fb9a1853a88>"], ["id", 2]]
  [1m[36mTRANSACTION (0.3ms)[0m  [1m[35mCOMMIT[0m
  [1m[36mCharacter Load (0.5ms)[0m  [1m[34mSELECT "characters".* FROM "characters" WHERE "characters"."id" = $1 LIMIT $2[0m  [["id", 3], ["LIMIT", 1]]
  [1m[36mVehicle Load (0.3ms)[0m  [1m[34mSELECT "vehicles".* FROM "vehicles" ORDER BY "vehicles"."id" ASC LIMIT $1[0m  [["LIMIT", 1]]
  [1m[36mTRANSACTION (0.1ms)[0m  [1m[35mBEGIN[0m
  [1m[36mCharacter Update (0.3ms)[0m  [1m[33mUPDATE "characters" SET "updated_at" = $1, "vehicle_id" = $2 WHERE "characters"."id" = $3[0m  [["updated_at", "2021-01-15 01:59:33.254908"], ["vehicle_id", "#<Vehicle:0x00007fb9a25e2a78>"], ["id", 3]]
  [1m[36mTRANSACTION (0.5ms)[0m  [1m[35mCOMMIT[0m
